0 info it worked if it ends with ok
1 verbose cli [ '/usr/local/Cellar/node/6.2.0/bin/node',
1 verbose cli   '/usr/local/bin/npm',
1 verbose cli   'run',
1 verbose cli   'db' ]
2 info using npm@3.8.9
3 info using node@v6.2.0
4 verbose run-script [ 'predb', 'db', 'postdb' ]
5 info lifecycle cocktails@1.0.0~predb: cocktails@1.0.0
6 silly lifecycle cocktails@1.0.0~predb: no script for predb, continuing
7 info lifecycle cocktails@1.0.0~db: cocktails@1.0.0
8 verbose lifecycle cocktails@1.0.0~db: unsafe-perm in lifecycle true
9 verbose lifecycle cocktails@1.0.0~db: PATH: /usr/local/lib/node_modules/npm/bin/node-gyp-bin:/Users/martynasjankauskas/Documents/KEA/4th Semester/Angular/cocktails/node_modules/.bin:/usr/local/Cellar/node/6.2.0/bin:/usr/local/lib:/usr/local/bin:/usr/bin:/bin:/usr/sbin:/sbin
10 verbose lifecycle cocktails@1.0.0~db: CWD: /Users/martynasjankauskas/Documents/KEA/4th Semester/Angular/cocktails
11 silly lifecycle cocktails@1.0.0~db: Args: [ '-c', 'mongod' ]
12 silly lifecycle cocktails@1.0.0~db: Returned: code: 48  signal: null
13 info lifecycle cocktails@1.0.0~db: Failed to exec db script
14 verbose stack Error: cocktails@1.0.0 db: `mongod`
14 verbose stack Exit status 48
14 verbose stack     at EventEmitter.<anonymous> (/usr/local/lib/node_modules/npm/lib/utils/lifecycle.js:245:16)
14 verbose stack     at emitTwo (events.js:106:13)
14 verbose stack     at EventEmitter.emit (events.js:191:7)
14 verbose stack     at ChildProcess.<anonymous> (/usr/local/lib/node_modules/npm/lib/utils/spawn.js:24:14)
14 verbose stack     at emitTwo (events.js:106:13)
14 verbose stack     at ChildProcess.emit (events.js:191:7)
14 verbose stack     at maybeClose (internal/child_process.js:850:16)
14 verbose stack     at Process.ChildProcess._handle.onexit (internal/child_process.js:215:5)
15 verbose pkgid cocktails@1.0.0
16 verbose cwd /Users/martynasjankauskas/Documents/KEA/4th Semester/Angular/cocktails
17 error Darwin 15.0.0
18 error argv "/usr/local/Cellar/node/6.2.0/bin/node" "/usr/local/bin/npm" "run" "db"
19 error node v6.2.0
20 error npm  v3.8.9
21 error code ELIFECYCLE
22 error cocktails@1.0.0 db: `mongod`
22 error Exit status 48
23 error Failed at the cocktails@1.0.0 db script 'mongod'.
23 error Make sure you have the latest version of node.js and npm installed.
23 error If you do, this is most likely a problem with the cocktails package,
23 error not with npm itself.
23 error Tell the author that this fails on your system:
23 error     mongod
23 error You can get information on how to open an issue for this project with:
23 error     npm bugs cocktails
23 error Or if that isn't available, you can get their info via:
23 error     npm owner ls cocktails
23 error There is likely additional logging output above.
24 verbose exit [ 1, true ]
